2023:10:02 07:24:54|INFO|gui|Trying to submit new recipe: Name: 282109, Comment: SMC1:282110-L, Structure ID: 4
2023:10:02 08:17:06|INFO|gui|Trying to submit new recipe: Name: 282109 v2, Comment: SMC1:282110-L, Structure ID: 4
2023:10:02 08:56:45|INFO|gui|Trying to submit new recipe: Name: 282109 v3, Comment: SMC1:282110-L, Structure ID: 4
2023:10:02 13:50:20|INFO|gui|Trying to submit new recipe: Name: 282110-570, Comment: SMC1:282110-L, Structure ID: 4
2023:10:02 15:06:30|INFO|gui|Trying to submit new recipe: Name: 282110-1000, Comment: SMC1:282110-L, Structure ID: 4
2023:10:02 15:19:29|INFO|gui|Trying to submit new recipe: Name: 282110-485, Comment: SMC1:282110-L, Structure ID: 4
2023:10:03 08:45:11|INFO|gui|Trying to submit new recipe: Name: 282105, Comment: SMC1:282110-L, Structure ID: 4
2023:10:03 09:39:02|INFO|gui|Trying to submit new recipe: Name: 282110-447, Comment: SMC1:282110-L, Structure ID: 4
2023:10:03 12:19:49|INFO|gui|Trying to submit new recipe: Name: 8-458-02, Comment: SMC1:282110-L, Structure ID: 4
2023:10:03 12:30:56|INFO|gui|Trying to submit new recipe: Name: 282110-650, Comment: SMC1:282110-L, Structure ID: 4
2023:10:03 14:47:49|INFO|gui|Trying to submit new recipe: Name: 282110-160, Comment: SMC1:282110-160, Structure ID: 4
2023:10:04 07:07:36|INFO|gui|Successfully updated the active recipe to: 282110-650
2023:10:04 07:46:01|INFO|gui|Trying to submit new recipe: Name: 282103 v2, Comment: SMC1:282110-L, Structure ID: 4
2023:10:04 08:26:13|INFO|gui|Trying to submit new recipe: Name: 282110-558, Comment: SMC1:282110-L, Structure ID: 4
2023:10:04 10:00:17|INFO|gui|Trying to submit new recipe: Name: 282108, Comment: SMC1:282110-L, Structure ID: 4
2023:10:04 11:32:50|INFO|gui|Successfully updated the active recipe to: 8-325-235-12-03 V3
2023:10:04 11:34:52|INFO|gui|Fetched 951 rows for editing recipe ID: 238
2023:10:04 11:35:42|INFO|gui|Successfully updated the active recipe to: 8-325-235-12-03 V3
2023:10:05 07:13:52|INFO|gui|Updating recipe: ID: 238, Name: 8-325-235-12-03 , Comment: SMC2:8-325-235-12-03 V3, Structure ID: 5
2023:10:05 14:52:45|INFO|gui|Successfully updated the active recipe to: 282100-1020
2023:10:05 15:54:48|INFO|gui|Trying to submit new recipe: Name: 282100-1033, Comment: SMC2:282100-L, Structure ID: 5
2023:10:06 07:25:47|WARNING|gui|Error in database connection: Database connection failed: [08001] [Microsoft][ODBC SQL Server Driver][Shared Memory]SQL Server does not exist or access denied. (17) (SQLDriverConnect); [08001] [Microsoft][ODBC SQL Server Driver][Shared Memory]ConnectionOpen (Connect()). (2)
2023:10:06 07:26:20|WARNING|gui|Error in database connection: Database connection failed: [08001] [Microsoft][ODBC SQL Server Driver][Shared Memory]SQL Server does not exist or access denied. (17) (SQLDriverConnect); [08001] [Microsoft][ODBC SQL Server Driver][Shared Memory]ConnectionOpen (Connect()). (2)
2023:10:06 07:49:40|INFO|gui|Fetched 951 rows for editing recipe ID: 299
2023:10:06 07:51:50|INFO|gui|Trying to submit new recipe: Name: 282100-864, Comment: SMC2:282100-L, Structure ID: 5
2023:10:06 08:44:43|INFO|gui|Successfully updated the active recipe to: 282110-558
2023:10:06 08:50:47|INFO|gui|Successfully updated the active recipe to: 282100-864
2023:10:06 09:55:15|INFO|gui|Fetched 951 rows for editing recipe ID: 288
2023:10:06 09:55:44|INFO|gui|Fetched 951 rows for editing recipe ID: 287
2023:10:06 09:55:59|INFO|gui|Fetched 951 rows for editing recipe ID: 291
2023:10:06 12:08:17|INFO|gui|Trying to submit new recipe: Name: 282120-864, Comment: SMC1:282100-LSMC2:282100-L, Structure ID: 2
2023:10:06 13:19:12|INFO|gui|Fetched 1901 rows for editing recipe ID: 301
2023:10:06 13:20:36|INFO|gui|Trying to submit new recipe: Name: 282120-864 v2, Comment: SMC1:282100-LSMC2:282100-L, Structure ID: 2
2023:10:09 11:00:17|INFO|gui|Successfully updated the active recipe to: 8-2705-34
2023:10:09 11:23:15|INFO|gui|Successfully updated the active recipe to: 282114
2023:10:09 11:44:20|INFO|gui|Fetched 951 rows for editing recipe ID: 169
2023:10:09 11:49:28|INFO|gui|Fetched 951 rows for editing recipe ID: 169
2023:10:09 11:49:41|INFO|gui|Successfully updated the active recipe to: 282114
2023:10:09 12:34:39|INFO|gui|Successfully updated the active recipe to: 282114
2023:10:09 14:51:23|INFO|gui|Successfully updated the active recipe to: 282100-864
2023:10:09 15:38:47|INFO|gui|Successfully updated the active recipe to: 282100-864
2023:10:09 15:48:43|INFO|gui|Fetched 951 rows for editing recipe ID: 300
2023:10:09 15:48:51|INFO|gui|Fetched 951 rows for editing recipe ID: 300
2023:10:09 15:49:08|INFO|gui|Fetched 951 rows for editing recipe ID: 300
2023:10:10 08:52:48|INFO|gui|Trying to submit new recipe: Name: 282114 v2, Comment: SMC2:282111, Structure ID: 5
2023:10:10 10:17:32|INFO|gui|Successfully updated the active recipe to:           8-2705-34 v2
2023:10:10 11:38:14|INFO|gui|Trying to submit new recipe: Name: 8-2705-34, Comment: Ingen SMC, Structure ID: 5
2023:10:10 11:39:03|INFO|gui|Trying to submit new recipe: Name: 8-2705-34, Comment: Ingen SMC, Structure ID: 5
2023:10:10 11:39:34|INFO|gui|Trying to submit new recipe: Name: 8-2705-34 v3, Comment: Ingen SMC, Structure ID: 5
2023:10:10 11:39:47|WARNING|gui|No data found for editing recipe ID: 304
2023:10:10 12:02:10|INFO|gui|Fetched 951 rows for editing recipe ID: 304
2023:10:10 12:44:44|INFO|gui|Successfully updated the active recipe to: 282120-864
2023:10:10 14:29:43|INFO|gui|Fetched 1901 rows for editing recipe ID: 301
2023:10:10 14:32:52|INFO|gui|Fetched 951 rows for editing recipe ID: 294
2023:10:11 08:06:43|INFO|gui|Trying to submit new recipe: Name: 282120-987, Comment: SMC1:282100-L SMC2:282100-L, Structure ID: 2
2023:10:11 08:14:46|INFO|gui|Trying to submit new recipe: Name: 282120-985, Comment: SMC1:282100-L SMC2:282100-L, Structure ID: 2
2023:10:11 10:31:56|INFO|gui|Successfully updated the active recipe to: 282100-864
2023:10:11 10:32:42|INFO|gui|Trying to submit new recipe: Name: 282100-197, Comment: SMC2:282100-L, Structure ID: 5
2023:10:11 15:45:42|INFO|gui|Updating recipe: ID: 307, Name: 282100-197, Comment: SMC2:282100-197, Structure ID: 5
2023:10:12 07:46:09|INFO|gui|Successfully updated the active recipe to: 282120-864
2023:10:12 07:47:07|INFO|gui|Successfully updated the active recipe to: 282100-864
2023:10:12 08:01:08|INFO|gui|Fetched 951 rows for editing recipe ID: 307
2023:10:12 08:20:50|INFO|gui|Trying to submit new recipe: Name: 282100-997, Comment: SMC2:282100-L, Structure ID: 5
2023:10:12 10:55:33|INFO|gui|Trying to submit new recipe: Name: 282500-666, Comment: SMC2:282100, Structure ID: 5
2023:10:12 12:08:29|INFO|gui|Successfully updated the active recipe to: 282150-1000
2023:10:12 13:57:50|INFO|gui|Trying to submit new recipe: Name: 282150-580, Comment: Ingen SMC, Structure ID: 4
2023:10:12 14:54:23|INFO|gui|Trying to submit new recipe: Name: 8-751-50, Comment: Ingen SMC, Structure ID: 4
2023:10:13 07:32:59|INFO|gui|Successfully updated the active recipe to: 8-325-235-12-03 
2023:10:13 08:14:56|INFO|gui|Updating recipe: ID: 311, Name: 8-751-50, Comment: SMC2:8-751-50, Structure ID: 5
2023:10:13 10:19:59|INFO|gui|Successfully updated the active recipe to: 282150-1000
2023:10:13 10:30:14|INFO|gui|Successfully updated the active recipe to: 282120-985
2023:10:13 10:45:17|INFO|gui|Successfully updated the active recipe to: 8-325-235-15-1
2023:10:13 13:25:52|INFO|gui|Successfully updated the active recipe to: 282108
2023:10:13 13:57:58|INFO|gui|Successfully updated the active recipe to: 8-325-235-12-03 
2023:10:16 07:32:48|INFO|gui|Successfully updated the active recipe to: 8-325-235-15-1
2023:10:16 07:50:11|INFO|gui|Fetched 1901 rows for editing recipe ID: 128
2023:10:16 07:53:31|INFO|gui|Fetched 951 rows for editing recipe ID: 297
2023:10:16 08:07:19|INFO|gui|Fetched 951 rows for editing recipe ID: 290
2023:10:16 08:38:28|INFO|gui|Successfully updated the active recipe to:           282114 v2
2023:10:16 10:07:31|INFO|gui|Trying to submit new recipe: Name: 282118, Comment: SMC2:282111, Structure ID: 5
2023:10:17 11:36:30|INFO|gui|Trying to submit new recipe: Name: 282112, Comment: , Structure ID: 5
2023:10:17 11:37:35|INFO|gui|Updating recipe: ID: 313, Name: 282112, Comment: SMC2:282111, Structure ID: 5
2023:10:17 14:31:48|INFO|gui|Trying to submit new recipe: Name: 282118, Comment: SMC2:282111, Structure ID: 5
2023:10:17 14:32:45|INFO|gui|Trying to submit new recipe: Name: 282116, Comment: SMC2:282111, Structure ID: 5
